<?xml version="1.0" encoding="UTF-8"?>
<!-- Generated by org.testng.reporters.JUnitXMLReporter -->
<testsuite ignored="0" hostname="BINTERNS-QA25L" failures="0" tests="9" name="Default test" time="39.813" errors="0" timestamp="2023-05-02T16:38:07 IST">
  <testcase classname="tests.Search_Bar_UI_Test" name="Internship_Search_Page_Visibility" time="2.558"/>
  <testcase classname="tests.Search_Bar_UI_Test" name="Internship_City_Visibility" time="3.292"/>
  <testcase classname="tests.Search_Bar_UI_Test" name="Internship_Categories_Visibility" time="1.849"/>
  <testcase classname="tests.Search_Bar_UI_Test" name="Online_Traning_list_selection_Visibility" time="7.094"/>
  <testcase classname="tests.Search_Bar_UI_Test" name="Data_Science_Visibility" time="6.12"/>
  <testcase classname="tests.Search_Bar_UI_Test" name="Online_Popular_Traning_select_training_autocad_Visibility" time="4.58"/>
  <testcase classname="tests.Search_Bar_UI_Test" name="Jobs_Drop_Down_List_Text_Search_Media_Visibility" time="3.031"/>
  <testcase classname="tests.Search_Bar_UI_Test" name="Jobs_Drop_Down_List_Popular_Locations_Visibility" time="3.466"/>
  <testcase classname="tests.Search_Bar_UI_Test" name="Jobs_Drop_Down_List_Popular_Categories_Visibility" time="2.103"/>
</testsuite> <!-- Default test -->
