<?xml version="1.0" encoding="UTF-8"?>
<!-- Generated by org.testng.reporters.JUnitXMLReporter -->
<testsuite ignored="0" hostname="BINTERNS-QA25L" failures="0" tests="55" name="Test" time="198.369" errors="0" timestamp="2023-05-02T11:35:34 IST">
  <testcase classname="tests.Homepage_Test" name="site_url_verification" time="0.015"/>
  <testcase classname="tests.Homepage_Test" name="logo_verification" time="0.043"/>
  <testcase classname="tests.Homepage_Test" name="intership_drop_down_button" time="6.118"/>
  <testcase classname="tests.Homepage_Test" name="close_pop_up" time="4.748"/>
  <testcase classname="tests.Homepage_Test" name="course_drop_down" time="4.861"/>
  <testcase classname="tests.Homepage_Test" name="jobs_dropdown_button" time="4.715"/>
  <testcase classname="tests.Homepage_Test" name="login_button" time="2.115"/>
  <testcase classname="tests.Homepage_Test" name="login_pop_up" time="4.104"/>
  <testcase classname="tests.Homepage_Test" name="register" time="0.055"/>
  <testcase classname="tests.Homepage_Test" name="search_bar_label" time="0.061"/>
  <testcase classname="tests.Homepage_Test" name="search_bar_data_fill" time="6.665"/>
  <testcase classname="tests.Homepage_Test" name="view_all_internships" time="3.708"/>
  <testcase classname="tests.Homepage_Test" name="popularcities_jobs" time="3.674"/>
  <testcase classname="tests.Homepage_Test" name="delhi_ncr_jobs" time="4.109"/>
  <testcase classname="tests.Homepage_Test" name="banglore_jobs" time="3.963"/>
  <testcase classname="tests.Homepage_Test" name="mumbai_jobs" time="3.616"/>
  <testcase classname="tests.Homepage_Test" name="hydrabad_jobs" time="4.07"/>
  <testcase classname="tests.Homepage_Test" name="chenni_jobs" time="3.667"/>
  <testcase classname="tests.Homepage_Test" name="kolkata_jobs" time="3.807"/>
  <testcase classname="tests.Homepage_Test" name="international_jobs" time="3.792"/>
  <testcase classname="tests.Login_UI_Tests" name="Email_Field" time="2.158"/>
  <testcase classname="tests.Login_UI_Tests" name="Password_Field" time="0.029"/>
  <testcase classname="tests.Login_UI_Tests" name="Login_Button" time="0.021"/>
  <testcase classname="tests.Login_UI_Tests" name="Invalid_Email_Msg" time="0.156"/>
  <testcase classname="tests.Login_UI_Tests" name="Wrong_Email_Password_Warnning" time="2.208"/>
  <testcase classname="tests.Login_UI_Tests" name="Warning_Close_Button" time="7.291"/>
  <testcase classname="tests.Login_UI_Tests" name="Blank_Email_Error_Msg" time="2.215"/>
  <testcase classname="tests.Login_UI_Tests" name="Blank_Password_Error_Msg" time="2.19"/>
  <testcase classname="tests.Login_Pop_Up_Test" name="login_with_invalid_username" time="2.316"/>
  <testcase classname="tests.Login_Pop_Up_Test" name="login_with_uname_invalid_password" time="9.337"/>
  <testcase classname="tests.Login_Pop_Up_Test" name="login_with_empty_credentials" time="4.225"/>
  <testcase classname="tests.Login_Pop_Up_Test" name="login_with_invalid_uname_and_password" time="2.239"/>
  <testcase classname="tests.Login_Pop_Up_Test" name="login_with_valid_uname_with_blank_password" time="2.239"/>
  <testcase classname="tests.Login_Pop_Up_Test" name="login_with_blank_uname_with_valid_password" time="2.227"/>
  <testcase classname="tests.Login_Pop_Up_Test" name="login_with_invalid_uname_with_blank_password" time="2.233"/>
  <testcase classname="tests.Login_Pop_Up_Test" name="login_with_blank_uname_with_invalid_password" time="2.227"/>
  <testcase classname="tests.Login_Pop_Up_Test" name="login_button" time="9.307"/>
  <testcase classname="tests.Search_Bar_UI_Test" name="Internship_Search_Page_Visibility" time="2.01"/>
  <testcase classname="tests.Search_Bar_UI_Test" name="Internship_City_Visibility" time="2.977"/>
  <testcase classname="tests.Search_Bar_UI_Test" name="Internship_Categories_Visibility" time="1.814"/>
  <testcase classname="tests.Search_Bar_UI_Test" name="Online_Traning_list_selection_Visibility" time="4.367"/>
  <testcase classname="tests.Search_Bar_UI_Test" name="Data_Science_Visibility" time="5.285"/>
  <testcase classname="tests.Search_Bar_UI_Test" name="Online_Popular_Traning_select_training_autocad_Visibility" time="3.268"/>
  <testcase classname="tests.Search_Bar_UI_Test" name="Jobs_Drop_Down_List_Text_Search_Media_Visibility" time="1.973"/>
  <testcase classname="tests.Search_Bar_UI_Test" name="Jobs_Drop_Down_List_Popular_Locations_Visibility" time="1.683"/>
  <testcase classname="tests.Search_Bar_UI_Test" name="Jobs_Drop_Down_List_Popular_Categories_Visibility" time="1.614"/>
  <testcase classname="tests.Search_Bar_Test" name="internship_search" time="2.104"/>
  <testcase classname="tests.Search_Bar_Test" name="internship_city" time="2.674"/>
  <testcase classname="tests.Search_Bar_Test" name="internship_categories" time="1.5"/>
  <testcase classname="tests.Search_Bar_Test" name="Online_Traning_list_selection" time="4.17"/>
  <testcase classname="tests.Search_Bar_Test" name="Data_Science" time="5.28"/>
  <testcase classname="tests.Search_Bar_Test" name="Online_Popular_Traning_select_training_autocad" time="3.226"/>
  <testcase classname="tests.Search_Bar_Test" name="Jobs_Drop_Down_List_Text_Search_Media" time="4.787"/>
  <testcase classname="tests.Search_Bar_Test" name="Jobs_Drop_Down_List_Popular_Locations" time="1.862"/>
  <testcase classname="tests.Search_Bar_Test" name="Jobs_Drop_Down_List_Popular_Categories" time="1.619"/>
</testsuite> <!-- Test -->
